Sat Nov 14 2020 20:01:35 GMT+0530 (India Standard Time) - POST - /insertUser 
Sat Nov 14 2020 20:03:08 GMT+0530 (India Standard Time) - GET - /getUser/naniyanala@gmail.com/Nani@123 
Sat Nov 14 2020 20:07:17 GMT+0530 (India Standard Time) - POST - /insertUser 
Sat Nov 14 2020 20:11:11 GMT+0530 (India Standard Time) - GET - /getAllUsers 
Sat Nov 14 2020 20:11:25 GMT+0530 (India Standard Time) - GET - /getAllUsers 
Sat Nov 14 2020 20:12:47 GMT+0530 (India Standard Time) - POST - /insertUser 
Sat Nov 14 2020 20:14:58 GMT+0530 (India Standard Time) - POST - /insertUser 
Sat Nov 14 2020 20:16:15 GMT+0530 (India Standard Time) - POST - /insertUser 
Sat Nov 14 2020 20:16:45 GMT+0530 (India Standard Time) - POST - /insertUser 
Sat Nov 14 2020 20:17:06 GMT+0530 (India Standard Time) - POST - /insertUser 
Sat Nov 14 2020 20:24:39 GMT+0530 (India Standard Time) - POST - /insertUser 
Sat Nov 14 2020 20:24:48 GMT+0530 (India Standard Time) - POST - /insertUser 
Sat Nov 14 2020 21:28:27 GMT+0530 (India Standard Time) - GET - /setUpDB 
Sat Nov 14 2020 21:29:05 GMT+0530 (India Standard Time) - POST - /insertUser 
Sat Nov 14 2020 21:29:23 GMT+0530 (India Standard Time) - POST - /insertUser 
Sat Nov 14 2020 21:29:34 GMT+0530 (India Standard Time) - POST - /insertUser 
Sat Nov 14 2020 21:29:48 GMT+0530 (India Standard Time) - GET - /getAllUsers 
Sat Nov 14 2020 21:32:17 GMT+0530 (India Standard Time) - POST - /insertUser 
Sat Nov 14 2020 21:32:27 GMT+0530 (India Standard Time) - GET - /getAllUsers 
Sat Nov 14 2020 21:47:02 GMT+0530 (India Standard Time) - POST - /insertUser 
Sat Nov 14 2020 21:47:41 GMT+0530 (India Standard Time) - POST - /insertUser 
Sat Nov 14 2020 21:48:16 GMT+0530 (India Standard Time) - POST - /insertUser 
Sat Nov 14 2020 21:50:26 GMT+0530 (India Standard Time) - POST - /insertUser 
Sun Nov 15 2020 23:46:56 GMT+0530 (India Standard Time) - PUT - /friend/addfriend/nani123/yash123 
Sun Nov 15 2020 23:50:06 GMT+0530 (India Standard Time) - PUT - /friend/addfriend/nani123/yash123 
Sun Nov 15 2020 23:51:05 GMT+0530 (India Standard Time) - PUT - /friend/addfriend/nani123/yash123 
Sun Nov 15 2020 23:58:06 GMT+0530 (India Standard Time) - PUT - /friend/addfriend/nani123/yash123 
Mon Nov 16 2020 00:00:31 GMT+0530 (India Standard Time) - PUT - /friend/addfriend/nani123/yash123 
Mon Nov 16 2020 00:12:45 GMT+0530 (India Standard Time) - PUT - /friend/addfriend/nani123/yash123 
Mon Nov 16 2020 00:13:28 GMT+0530 (India Standard Time) - PUT - /friend/addfriend/nani123/yash123 
Mon Nov 16 2020 01:40:01 GMT+0530 (India Standard Time) - POST - /friend/message 
Mon Nov 16 2020 01:41:02 GMT+0530 (India Standard Time) - POST - /friend/message 
Mon Nov 16 2020 01:42:59 GMT+0530 (India Standard Time) - POST - /friend/message 
Mon Nov 16 2020 01:45:05 GMT+0530 (India Standard Time) - POST - /friend/message 
Mon Nov 16 2020 01:45:59 GMT+0530 (India Standard Time) - POST - /friend/message 
Mon Nov 16 2020 01:48:02 GMT+0530 (India Standard Time) - POST - /friend/message 
Mon Nov 16 2020 01:50:22 GMT+0530 (India Standard Time) - POST - /friend/message 
Mon Nov 16 2020 01:53:13 GMT+0530 (India Standard Time) - POST - /friend/message 
Mon Nov 16 2020 01:54:24 GMT+0530 (India Standard Time) - POST - /friend/message 
Mon Nov 16 2020 02:09:46 GMT+0530 (India Standard Time) - POST - /insertUser 
Mon Nov 16 2020 02:10:30 GMT+0530 (India Standard Time) - POST - /insertUser 
Mon Nov 16 2020 02:10:48 GMT+0530 (India Standard Time) - POST - /friend/message 
Mon Nov 16 2020 02:11:47 GMT+0530 (India Standard Time) - POST - /insertUser 
Mon Nov 16 2020 02:13:42 GMT+0530 (India Standard Time) - POST - /friend/message 
Mon Nov 16 2020 15:53:30 GMT+0530 (India Standard Time) - POST - /friend/message 
Mon Nov 16 2020 15:54:28 GMT+0530 (India Standard Time) - POST - /insertUser 
Mon Nov 16 2020 15:54:50 GMT+0530 (India Standard Time) - POST - /insertUser 
Mon Nov 16 2020 15:55:04 GMT+0530 (India Standard Time) - POST - /friend/message 
Mon Nov 16 2020 16:02:20 GMT+0530 (India Standard Time) - POST - /friend/message 
Mon Nov 16 2020 16:03:06 GMT+0530 (India Standard Time) - GET - /setUpDB 
Mon Nov 16 2020 16:04:42 GMT+0530 (India Standard Time) - POST - /insertUser 
Mon Nov 16 2020 16:06:22 GMT+0530 (India Standard Time) - POST - /insertUser 
Mon Nov 16 2020 16:07:52 GMT+0530 (India Standard Time) - POST - /insertUser 
Mon Nov 16 2020 16:09:55 GMT+0530 (India Standard Time) - POST - /insertUser 
Mon Nov 16 2020 16:10:27 GMT+0530 (India Standard Time) - GET - /getAllUsers 
Mon Nov 16 2020 16:10:47 GMT+0530 (India Standard Time) - PUT - /friend/addfriend/nani123/yash123 
Mon Nov 16 2020 16:11:07 GMT+0530 (India Standard Time) - PUT - /friend/addfriend/nani123/yash123 
Mon Nov 16 2020 16:11:40 GMT+0530 (India Standard Time) - POST - /friend/message 
Mon Nov 16 2020 16:13:15 GMT+0530 (India Standard Time) - POST - /friend/message 
Mon Nov 16 2020 16:14:23 GMT+0530 (India Standard Time) - POST - /friend/message 
Mon Nov 16 2020 16:15:22 GMT+0530 (India Standard Time) - POST - /friend/message 
Mon Nov 16 2020 16:16:32 GMT+0530 (India Standard Time) - POST - /friend/message 
Mon Nov 16 2020 16:17:12 GMT+0530 (India Standard Time) - PUT - /friend/addfriend/nani123/sai123 
Mon Nov 16 2020 16:19:44 GMT+0530 (India Standard Time) - PUT - /friend/addfriend/barath123/sai123 
Mon Nov 16 2020 16:19:55 GMT+0530 (India Standard Time) - PUT - /friend/addfriend/barath123/SandeepSandy 
Mon Nov 16 2020 16:20:03 GMT+0530 (India Standard Time) - PUT - /friend/addfriend/barath123/yash123 
Mon Nov 16 2020 16:20:09 GMT+0530 (India Standard Time) - PUT - /friend/addfriend/barath123/nani123 
Mon Nov 16 2020 16:20:17 GMT+0530 (India Standard Time) - PUT - /friend/addfriend/yash123/nani123 
Mon Nov 16 2020 16:21:13 GMT+0530 (India Standard Time) - PUT - /friend/addfriend/yash123/nani123 
Mon Nov 16 2020 16:46:22 GMT+0530 (India Standard Time) - GET - /friend/getChat/nani123/yash123 
Mon Nov 16 2020 16:47:03 GMT+0530 (India Standard Time) - GET - /friend/getChat/nani123/yash123 
Mon Nov 16 2020 16:47:03 GMT+0530 (India Standard Time) - GET - /favicon.ico 
Mon Nov 16 2020 16:48:05 GMT+0530 (India Standard Time) - GET - /friend/getChat/nani123/yash123 
Mon Nov 16 2020 16:50:40 GMT+0530 (India Standard Time) - POST - /friend/message 
Mon Nov 16 2020 16:50:58 GMT+0530 (India Standard Time) - POST - /friend/message 
Mon Nov 16 2020 16:51:09 GMT+0530 (India Standard Time) - POST - /friend/message 
Mon Nov 16 2020 16:51:30 GMT+0530 (India Standard Time) - GET - /friend/getChat/nani123/yash123 
Mon Nov 16 2020 16:53:45 GMT+0530 (India Standard Time) - GET - /friend/getChat/nani123/yash123 
Mon Nov 16 2020 16:55:18 GMT+0530 (India Standard Time) - GET - /friend/getChat/nani123/yash123 
Mon Nov 16 2020 16:57:41 GMT+0530 (India Standard Time) - GET - /friend/getChat/nani123/yash123 
Mon Nov 16 2020 17:03:40 GMT+0530 (India Standard Time) - GET - /friend/getChat/nani123/yash123 
Mon Nov 16 2020 17:13:18 GMT+0530 (India Standard Time) - GET - /friend/getChat/nani123/SandeepSandy 
Mon Nov 16 2020 17:26:42 GMT+0530 (India Standard Time) - GET - /friend/getChat/nani123/SandeepSandy 
Mon Nov 16 2020 17:26:52 GMT+0530 (India Standard Time) - GET - /friend/getChat/nani123/yash123 
Mon Nov 16 2020 21:23:38 GMT+0530 (India Standard Time) - GET - /friend/getChat/nani123/yash123 
Mon Nov 16 2020 21:25:25 GMT+0530 (India Standard Time) - POST - /friend/message 
Mon Nov 16 2020 21:25:34 GMT+0530 (India Standard Time) - GET - /friend/getChat/nani123/yash123 
Mon Nov 16 2020 21:28:37 GMT+0530 (India Standard Time) - GET - /friend/getChat/nani123/yash123 
Mon Nov 16 2020 21:37:14 GMT+0530 (India Standard Time) - GET - /friend/getChat/nani123/yash123 
Mon Nov 16 2020 21:38:23 GMT+0530 (India Standard Time) - GET - /friend/getChat/nani123/yash123 
Mon Nov 16 2020 21:39:06 GMT+0530 (India Standard Time) - POST - /friend/message 
Mon Nov 16 2020 21:39:19 GMT+0530 (India Standard Time) - POST - /friend/message 
Mon Nov 16 2020 21:39:44 GMT+0530 (India Standard Time) - GET - /friend/getChat/nani123/yash123 
Mon Nov 16 2020 21:41:12 GMT+0530 (India Standard Time) - GET - /friend/getChat/nani123/yash123 
Mon Nov 16 2020 21:45:27 GMT+0530 (India Standard Time) - GET - /friend/getChat/nani123/yash123 
Mon Nov 16 2020 21:49:57 GMT+0530 (India Standard Time) - GET - /friend/getChat/nani123/yash123 
Mon Nov 16 2020 21:51:09 GMT+0530 (India Standard Time) - GET - /friend/getChat/nani123/yash123 
Mon Nov 16 2020 21:54:35 GMT+0530 (India Standard Time) - GET - /friend/getChat/nani123/yash123 
Mon Nov 16 2020 22:05:23 GMT+0530 (India Standard Time) - GET - /friend/getChat/nani123/yash123 
Mon Nov 16 2020 22:13:19 GMT+0530 (India Standard Time) - GET - /friend/getChat/nani123/yash123 
Mon Nov 16 2020 22:13:22 GMT+0530 (India Standard Time) - GET - /friend/getChat/nani123/yash123 
Mon Nov 16 2020 22:13:41 GMT+0530 (India Standard Time) - GET - /friend/getChat/nani123/yash123 
Mon Nov 16 2020 22:16:04 GMT+0530 (India Standard Time) - GET - /friend/getChat/nani123/yash123 
Mon Nov 16 2020 22:16:22 GMT+0530 (India Standard Time) - GET - /friend/getChat/nani123/yash123 
Mon Nov 16 2020 22:16:33 GMT+0530 (India Standard Time) - GET - /friend/getChat/yash123/nani123 
Mon Nov 16 2020 22:17:31 GMT+0530 (India Standard Time) - POST - /friend/message 
Mon Nov 16 2020 22:17:58 GMT+0530 (India Standard Time) - POST - /friend/message 
Mon Nov 16 2020 22:18:07 GMT+0530 (India Standard Time) - POST - /friend/message 
Mon Nov 16 2020 22:18:22 GMT+0530 (India Standard Time) - POST - /friend/message 
Mon Nov 16 2020 22:18:29 GMT+0530 (India Standard Time) - POST - /friend/message 
Mon Nov 16 2020 22:18:50 GMT+0530 (India Standard Time) - POST - /friend/message 
Mon Nov 16 2020 22:19:40 GMT+0530 (India Standard Time) - GET - /friend/getChat/barath123/sai123 
Mon Nov 16 2020 22:21:40 GMT+0530 (India Standard Time) - GET - /setUpDB 
Mon Nov 16 2020 22:21:58 GMT+0530 (India Standard Time) - POST - /insertUser 
Mon Nov 16 2020 22:22:03 GMT+0530 (India Standard Time) - POST - /insertUser 
Mon Nov 16 2020 22:22:10 GMT+0530 (India Standard Time) - POST - /insertUser 
Mon Nov 16 2020 22:22:14 GMT+0530 (India Standard Time) - POST - /insertUser 
Mon Nov 16 2020 22:22:20 GMT+0530 (India Standard Time) - GET - /getAllUsers 
Mon Nov 16 2020 22:22:30 GMT+0530 (India Standard Time) - GET - /getAllUsers 
Mon Nov 16 2020 22:25:01 GMT+0530 (India Standard Time) - PUT - /friend/addfriend/nani123/yash123 
Mon Nov 16 2020 22:25:10 GMT+0530 (India Standard Time) - PUT - /friend/addfriend/sandeep123/yash123 
Mon Nov 16 2020 22:25:17 GMT+0530 (India Standard Time) - PUT - /friend/addfriend/sandeep123/barath123 
Mon Nov 16 2020 22:25:24 GMT+0530 (India Standard Time) - PUT - /friend/addfriend/sandeep123/sai123 
Mon Nov 16 2020 22:25:33 GMT+0530 (India Standard Time) - PUT - /friend/addfriend/nani123/sai123 
Mon Nov 16 2020 22:25:41 GMT+0530 (India Standard Time) - PUT - /friend/addfriend/yash123/sai123 
Mon Nov 16 2020 22:25:54 GMT+0530 (India Standard Time) - PUT - /friend/addfriend/barath123/sai123 
Mon Nov 16 2020 22:26:06 GMT+0530 (India Standard Time) - PUT - /friend/addfriend/nani123/sandeep123 
Mon Nov 16 2020 22:26:14 GMT+0530 (India Standard Time) - PUT - /friend/addfriend/nani123/barath123 
Mon Nov 16 2020 22:26:21 GMT+0530 (India Standard Time) - PUT - /friend/addfriend/yash123/barath123 
Mon Nov 16 2020 22:26:55 GMT+0530 (India Standard Time) - POST - /friend/message 
Mon Nov 16 2020 22:27:18 GMT+0530 (India Standard Time) - POST - /friend/message 
Mon Nov 16 2020 22:27:25 GMT+0530 (India Standard Time) - POST - /friend/message 
Mon Nov 16 2020 22:27:46 GMT+0530 (India Standard Time) - POST - /friend/message 
Mon Nov 16 2020 22:28:06 GMT+0530 (India Standard Time) - GET - /friend/getChat/barath123/sai123 
Mon Nov 16 2020 22:32:10 GMT+0530 (India Standard Time) - GET - /friend/getChat/barath123/sai123 
Mon Nov 16 2020 22:33:10 GMT+0530 (India Standard Time) - GET - /friend/getChat/barath123/sai123 
Mon Nov 16 2020 22:34:01 GMT+0530 (India Standard Time) - GET - /friend/getChat/barath123/sai123 
Mon Nov 16 2020 22:34:37 GMT+0530 (India Standard Time) - GET - /friend/getChat/barath123/sai123 
Mon Nov 16 2020 22:35:21 GMT+0530 (India Standard Time) - GET - /friend/getChat/barath123/sai123 
Mon Nov 16 2020 22:36:11 GMT+0530 (India Standard Time) - GET - /friend/getChat/barath123/sai123 
Mon Nov 16 2020 22:37:10 GMT+0530 (India Standard Time) - POST - /friend/message 
Mon Nov 16 2020 22:37:27 GMT+0530 (India Standard Time) - POST - /friend/message 
Mon Nov 16 2020 22:37:36 GMT+0530 (India Standard Time) - POST - /friend/message 
Mon Nov 16 2020 22:38:00 GMT+0530 (India Standard Time) - POST - /friend/message 
Mon Nov 16 2020 22:38:09 GMT+0530 (India Standard Time) - POST - /friend/message 
Mon Nov 16 2020 22:38:28 GMT+0530 (India Standard Time) - POST - /friend/message 
Mon Nov 16 2020 22:38:47 GMT+0530 (India Standard Time) - GET - /friend/getChat/yash123/nani123 
Mon Nov 16 2020 22:39:02 GMT+0530 (India Standard Time) - GET - /friend/getChat/yash123/nani123 
Mon Nov 16 2020 22:42:08 GMT+0530 (India Standard Time) - GET - /setUpDB 
Mon Nov 16 2020 22:42:14 GMT+0530 (India Standard Time) - POST - /insertUser 
Mon Nov 16 2020 22:42:17 GMT+0530 (India Standard Time) - POST - /insertUser 
Mon Nov 16 2020 22:42:20 GMT+0530 (India Standard Time) - POST - /insertUser 
Mon Nov 16 2020 22:42:23 GMT+0530 (India Standard Time) - POST - /insertUser 
Mon Nov 16 2020 22:42:30 GMT+0530 (India Standard Time) - PUT - /friend/addfriend/yash123/barath123 
Mon Nov 16 2020 22:42:37 GMT+0530 (India Standard Time) - PUT - /friend/addfriend/yash123/nani123 
Mon Nov 16 2020 22:42:47 GMT+0530 (India Standard Time) - PUT - /friend/addfriend/yash123/sandeep123 
Mon Nov 16 2020 22:42:53 GMT+0530 (India Standard Time) - PUT - /friend/addfriend/yash123/sai123 
Mon Nov 16 2020 22:43:05 GMT+0530 (India Standard Time) - PUT - /friend/addfriend/sai123/sandeep123 
Mon Nov 16 2020 22:43:10 GMT+0530 (India Standard Time) - PUT - /friend/addfriend/sai123/nani123 
Mon Nov 16 2020 22:43:18 GMT+0530 (India Standard Time) - PUT - /friend/addfriend/sai123/barath123 
Mon Nov 16 2020 22:43:27 GMT+0530 (India Standard Time) - PUT - /friend/addfriend/barath123/nani123 
Mon Nov 16 2020 22:43:36 GMT+0530 (India Standard Time) - PUT - /friend/addfriend/barath123/sandeep123 
Mon Nov 16 2020 22:43:52 GMT+0530 (India Standard Time) - PUT - /friend/addfriend/nani123/sandeep123 
Mon Nov 16 2020 22:44:42 GMT+0530 (India Standard Time) - POST - /friend/message 
Mon Nov 16 2020 22:45:04 GMT+0530 (India Standard Time) - POST - /friend/message 
Mon Nov 16 2020 22:45:12 GMT+0530 (India Standard Time) - POST - /friend/message 
Mon Nov 16 2020 22:45:30 GMT+0530 (India Standard Time) - POST - /friend/message 
Mon Nov 16 2020 22:45:43 GMT+0530 (India Standard Time) - POST - /friend/message 
Mon Nov 16 2020 22:45:52 GMT+0530 (India Standard Time) - GET - /friend/getChat/yash123/nani123 
Mon Nov 16 2020 22:48:25 GMT+0530 (India Standard Time) - POST - /friend/message 
Mon Nov 16 2020 22:48:41 GMT+0530 (India Standard Time) - POST - /friend/message 
Mon Nov 16 2020 22:48:50 GMT+0530 (India Standard Time) - POST - /friend/message 
Mon Nov 16 2020 22:49:05 GMT+0530 (India Standard Time) - POST - /friend/message 
Mon Nov 16 2020 22:49:12 GMT+0530 (India Standard Time) - POST - /friend/message 
Mon Nov 16 2020 22:49:23 GMT+0530 (India Standard Time) - GET - /friend/getChat/sai123/nani123 
Mon Nov 16 2020 22:49:38 GMT+0530 (India Standard Time) - GET - /friend/getChat/sai123/nani123 
Mon Nov 16 2020 22:50:12 GMT+0530 (India Standard Time) - GET - /friend/getChat/nani123/sai123 
